

Microchip Technology PIC Macro Assembler V1.31 build 56723 
                                                                                                           Sun Dec 19 20:54:41 2021


     1                           
     2                           	; Microchip MPLAB XC8 C Compiler V1.31
     3                           	; Copyright (C) 1984-2014 HI-TECH Software
     4                           
     5                           	; Auto-generated runtime startup code for final link stage.
     6                           
     7                           	;
     8                           	; Compiler options:
     9                           	;
    10                           	; -oCourse_Work.cof -mCourse_Work.map --summary=default \
    11                           	; --output=default main.p1 --chip=16F877A -P --runtime=default \
    12                           	; --opt=default -N-1 -D__DEBUG=1 -g --asmlist \
    13                           	; --errformat=Error   [%n] %f; %l.%c %s --msgformat=Advisory[%n] %s \
    14                           	; --warnformat=Warning [%n] %f; %l.%c %s
    15                           	;
    16                           
    17                           
    18                           	processor	16F877A
    19                           
    20                           	global	_main,start,reset_vec
    21                           	fnroot	_main
    22                           	psect	config,class=CONFIG,delta=2,noexec
    23                           	psect	idloc,class=IDLOC,delta=2,noexec
    24                           	psect	code,class=CODE,delta=2
    25                           	psect	powerup,class=CODE,delta=2
    26                           	psect	reset_vec,class=CODE,delta=2
    27                           	psect	maintext,class=CODE,delta=2
    28  0000                     	C	set	0
    29  0002                     	Z	set	2
    30  0002                     	PCL	set	2
    31  0000                     	INDF	set	0
    32                           
    33  0003                     	STATUS	equ	3
    34  000A                     	PCLATH	equ	0Ah
    35                           
    36                           	psect	eeprom_data,class=EEDATA,delta=2,space=3,noexec
    37                           	psect	intentry,class=CODE,delta=2
    38                           	psect	functab,class=CODE,delta=2
    39                           	global	intlevel0,intlevel1,intlevel2, intlevel3, intlevel4, intlevel5
    40  0000                     intlevel0:
    41  0000                     intlevel1:
    42  0000                     intlevel2:
    43  0000                     intlevel3:
    44  0000                     intlevel4:
    45  0000                     intlevel5:
    46                           	psect	init,class=CODE,delta=2
    47                           	psect	cinit,class=CODE,delta=2
    48                           	psect	text,class=CODE,delta=2
    49                           	psect	end_init,class=CODE,delta=2
    50                           	psect	clrtext,class=CODE,delta=2
    51  0004                     	FSR	set	4
    52                           	psect	strings,class=CODE,delta=2,reloc=256
    53                           
    54                           	global stacklo, stackhi
    55  0000                     	stacklo	equ	0
    56  0000                     	stackhi	equ	0
    57                           
    58                           
    59                           	psect	stack,class=STACK,space=2,noexec
    60                           	global ___sp,___int_sp
    61  0000                     	___sp:
    62  0000                     	___int_sp:
    63                           	psect	reset_vec
    64  0000                     reset_vec:
    65                           	; No powerup routine
    66                           	; No interrupt routine
    67                           
    68                           
    69                           	psect	init
    70  0000                     start
    71                           	psect	end_init
    72                           	global start_initialization
    73  0000  120A  118A  2FED   	ljmp start_initialization	;jump to C runtime clear & initialization


Microchip Technology PIC Macro Assembler V1.31 build 56723 
Symbol Table                                                                                               Sun Dec 19 20:54:41 2021

               ___sp 0000                 _main 04B6                 start 0000               stackhi 0000  
             stacklo 0000  start_initialization 07ED             ___int_sp 0000             intlevel0 0000  
           intlevel1 0000             intlevel2 0000             intlevel3 0000             intlevel4 0000  
           intlevel5 0000             reset_vec 0000  
